#
# There is insufficient memory for the Java Runtime Environment to continue.
# Native memory allocation (mmap) failed to map 65536 bytes for Failed to commit metaspace.
# Possible reasons:
#   The system is out of physical RAM or swap space
#   The process is running with CompressedOops enabled, and the Java Heap may be blocking the growth of the native heap
# Possible solutions:
#   Reduce memory load on the system
#   Increase physical memory or swap space
#   Check if swap backing store is full
#   Decrease Java heap size (-Xmx/-Xms)
#   Decrease number of Java threads
#   Decrease Java thread stack sizes (-Xss)
#   Set larger code cache with -XX:ReservedCodeCacheSize=
#   JVM is running with Unscaled Compressed Oops mode in which the Java heap is
#     placed in the first 4GB address space. The Java Heap base address is the
#     maximum limit for the native heap growth. Please use -XX:HeapBaseMinAddress
#     to set the Java Heap base and to place the Java Heap above 4GB virtual address.
# This output file may be truncated or incomplete.
#
#  Out of Memory Error (virtualSpaceNode.cpp:110), pid=520, tid=11812
#
# JRE version: OpenJDK Runtime Environment (17.0.6) (build 17.0.6+0-b2043.56-10027231)
# Java VM: OpenJDK 64-Bit Server VM (17.0.6+0-b2043.56-10027231, mixed mode, tiered, compressed oops, compressed class ptrs, g1 gc, windows-amd64)
# No core dump will be written. Minidumps are not enabled by default on client versions of Windows
#

---------------  S U M M A R Y ------------

Command Line: -Dorg.gradle.appname=gradlew org.gradle.wrapper.GradleWrapperMain -q -Ptarget-platform=android-x64 -Ptarget=C:\Users\USER\Documents\Projects\Emotion Project\tmp-23-338-sathinka-new\mobile\main_app\lib\main.dart -Pmultidex-enabled=true -Pbase-application-name=android.app.Application -Pdart-defines=Zmx1dHRlci5pbnNwZWN0b3Iuc3RydWN0dXJlZEVycm9ycz10cnVl,RkxVVFRFUl9XRUJfQVVUT19ERVRFQ1Q9dHJ1ZQ==,RkxVVFRFUl9XRUJfQ0FOVkFTS0lUX1VSTD1odHRwczovL3d3dy5nc3RhdGljLmNvbS9mbHV0dGVyLWNhbnZhc2tpdC9hNzk0Y2YyNjgxYzZjOWZlN2IyNjBlMGU4NGRlOTYyOThkYzljMThiLw== -Pdart-obfuscation=false -Ptrack-widget-creation=true -Ptree-shake-icons=false -Pfilesystem-scheme=org-dartlang-root assembleDebug

Host: Intel(R) Core(TM) i5-7300HQ CPU @ 2.50GHz, 4 cores, 7G,  Windows 10 , 64 bit Build 18362 (10.0.18362.329)
Time: Wed Oct 11 15:20:24 2023 Sri Lanka Standard Time elapsed time: 3.970695 seconds (0d 0h 0m 3s)

---------------  T H R E A D  ---------------

Current thread (0x000002de874cfa60):  JavaThread "main" [_thread_in_vm, id=11812, stack(0x000000e5eb900000,0x000000e5eba00000)]

Stack: [0x000000e5eb900000,0x000000e5eba00000]
Native frames: (J=compiled Java code, j=interpreted, Vv=VM code, C=native code)
V  [jvm.dll+0x683c9a]
V  [jvm.dll+0x8427a4]
V  [jvm.dll+0x843f9e]
V  [jvm.dll+0x844603]
V  [jvm.dll+0x249b75]
V  [jvm.dll+0x83e7fb]
V  [jvm.dll+0x628006]
V  [jvm.dll+0x62806a]
V  [jvm.dll+0x62a87a]
V  [jvm.dll+0x6289a6]
V  [jvm.dll+0x3707f2]
V  [jvm.dll+0x1e565b]
V  [jvm.dll+0x548016]
V  [jvm.dll+0x1f46eb]
V  [jvm.dll+0x7bc7cb]
V  [jvm.dll+0x7bdc12]
V  [jvm.dll+0x418a15]
C  [java.dll+0x1a55]

Java frames: (J=compiled Java code, j=interpreted, Vv=VM code)
J 704  java.lang.ClassLoader.findBootstrapClass(Ljava/lang/String;)Ljava/lang/Class; java.base@17.0.6 (0 bytes) @ 0x000002de92499972 [0x000002de92499920+0x0000000000000052]
J 590 c1 jdk.internal.loader.ClassLoaders$BootClassLoader.loadClassOrNull(Ljava/lang/String;Z)Ljava/lang/Class; java.base@17.0.6 (10 bytes) @ 0x000002de8aa7d4cc [0x000002de8aa7d360+0x000000000000016c]
J 569 c1 jdk.internal.loader.BuiltinClassLoader.loadClassOrNull(Ljava/lang/String;Z)Ljava/lang/Class; java.base@17.0.6 (143 bytes) @ 0x000002de8aa6cd34 [0x000002de8aa6c2c0+0x0000000000000a74]
J 589 c1 jdk.internal.loader.BuiltinClassLoader.loadClass(Ljava/lang/String;Z)Ljava/lang/Class; java.base@17.0.6 (22 bytes) @ 0x000002de8aa7cec4 [0x000002de8aa7cdc0+0x0000000000000104]
J 599 c1 java.lang.ClassLoader.loadClass(Ljava/lang/String;Z)Ljava/lang/Class; java.base@17.0.6 (121 bytes) @ 0x000002de8aa847b4 [0x000002de8aa84440+0x0000000000000374]
J 599 c1 java.lang.ClassLoader.loadClass(Ljava/lang/String;Z)Ljava/lang/Class; java.base@17.0.6 (121 bytes) @ 0x000002de8aa847b4 [0x000002de8aa84440+0x0000000000000374]
J 588 c1 java.lang.ClassLoader.loadClass(Ljava/lang/String;)Ljava/lang/Class; java.base@17.0.6 (7 bytes) @ 0x000002de8aa7cabc [0x000002de8aa7c9c0+0x00000000000000fc]
v  ~StubRoutines::call_stub
j  org.gradle.internal.service.scopes.BasicGlobalScopeServices.createJvmVersionDetector(Lorg/gradle/internal/jvm/inspection/JvmMetadataDetector;)Lorg/gradle/internal/jvm/inspection/JvmVersionDetector;+0
v  ~StubRoutines::call_stub
j  jdk.internal.reflect.NativeMethodAccessorImpl.invoke0(Ljava/lang/reflect/Method;Ljava/lang/Object;[Ljava/lang/Object;)Ljava/lang/Object;+0 java.base@17.0.6
j  jdk.internal.reflect.NativeMethodAccessorImpl.invoke(Ljava/lang/Object;[Ljava/lang/Object;)Ljava/lang/Object;+133 java.base@17.0.6
j  jdk.internal.reflect.DelegatingMethodAccessorImpl.invoke(Ljava/lang/Object;[Ljava/lang/Object;)Ljava/lang/Object;+6 java.base@17.0.6
j  java.lang.reflect.Method.invoke(Ljava/lang/Object;[Ljava/lang/Object;)Ljava/lang/Object;+59 java.base@17.0.6
j  org.gradle.internal.reflect.JavaMethod.invoke(Ljava/lang/Object;[Ljava/lang/Object;)Ljava/lang/Object;+6
j  org.gradle.internal.service.ReflectionBasedServiceMethod.invoke(Ljava/lang/Object;[Ljava/lang/Object;)Ljava/lang/Object;+6
j  org.gradle.internal.service.DefaultServiceRegistry$FactoryMethodService.invokeMethod([Ljava/lang/Object;)Ljava/lang/Object;+9
j  org.gradle.internal.service.DefaultServiceRegistry$FactoryService.createServiceInstance()Ljava/lang/Object;+7
j  org.gradle.internal.service.DefaultServiceRegistry$ManagedObjectServiceProvider.getInstance()Ljava/lang/Object;+24
j  org.gradle.internal.service.DefaultServiceRegistry$SingletonService.get()Ljava/lang/Object;+1
j  org.gradle.internal.service.DefaultServiceRegistry.find(Ljava/lang/reflect/Type;)Ljava/lang/Object;+22
j  org.gradle.internal.service.DefaultServiceRegistry.get(Ljava/lang/reflect/Type;)Ljava/lang/Object;+2
j  org.gradle.internal.service.DefaultServiceRegistry.get(Ljava/lang/Class;)Ljava/lang/Object;+3
j  org.gradle.launcher.cli.BuildActionsFactory.<init>(Lorg/gradle/internal/service/ServiceRegistry;)V+96
j  org.gradle.launcher.cli.DefaultCommandLineActionFactory.createBuildActionFactoryActionCreator(Lorg/gradle/internal/service/ServiceRegistry;Ljava/util/List;)V+6
j  org.gradle.launcher.cli.DefaultCommandLineActionFactory$ParseAndBuildAction.execute(Lorg/gradle/launcher/bootstrap/ExecutionListener;)V+12
j  org.gradle.launcher.cli.DefaultCommandLineActionFactory$ParseAndBuildAction.execute(Ljava/lang/Object;)V+5
j  org.gradle.launcher.cli.DebugLoggerWarningAction.execute(Lorg/gradle/launcher/bootstrap/ExecutionListener;)V+9
j  org.gradle.launcher.cli.DebugLoggerWarningAction.execute(Ljava/lang/Object;)V+5
j  org.gradle.launcher.cli.WelcomeMessageAction.execute(Lorg/gradle/launcher/bootstrap/ExecutionListener;)V+218
j  org.gradle.launcher.cli.WelcomeMessageAction.execute(Ljava/lang/Object;)V+5
j  org.gradle.launcher.cli.NativeServicesInitializingAction.execute(Lorg/gradle/launcher/bootstrap/ExecutionListener;)V+35
j  org.gradle.launcher.cli.NativeServicesInitializingAction.execute(Ljava/lang/Object;)V+5
j  org.gradle.launcher.cli.ExceptionReportingAction.execute(Lorg/gradle/launcher/bootstrap/ExecutionListener;)V+5
j  org.gradle.launcher.cli.ExceptionReportingAction.execute(Ljava/lang/Object;)V+5
j  org.gradle.launcher.cli.DefaultCommandLineActionFactory$WithLogging.execute(Lorg/gradle/launcher/bootstrap/ExecutionListener;)V+299
j  org.gradle.launcher.Main.doAction([Ljava/lang/String;Lorg/gradle/launcher/bootstrap/ExecutionListener;)V+14
j  org.gradle.launcher.bootstrap.EntryPoint.run([Ljava/lang/String;)V+12
v  ~StubRoutines::call_stub
j  jdk.internal.reflect.NativeMethodAccessorImpl.invoke0(Ljava/lang/reflect/Method;Ljava/lang/Object;[Ljava/lang/Object;)Ljava/lang/Object;+0 java.base@17.0.6
j  jdk.internal.reflect.NativeMethodAccessorImpl.invoke(Ljava/lang/Object;[Ljava/lang/Object;)Ljava/lang/Object;+133 java.base@17.0.6
j  jdk.internal.reflect.DelegatingMethodAccessorImpl.invoke(Ljava/lang/Object;[Ljava/lang/Object;)Ljava/lang/Object;+6 java.base@17.0.6
j  java.lang.reflect.Method.invoke(Ljava/lang/Object;[Ljava/lang/Object;)Ljava/lang/Object;+59 java.base@17.0.6
j  org.gradle.launcher.bootstrap.ProcessBootstrap.runNoExit(Ljava/lang/String;[Ljava/lang/String;)V+159
j  org.gradle.launcher.bootstrap.ProcessBootstrap.run(Ljava/lang/String;[Ljava/lang/String;)V+2
v  ~StubRoutines::call_stub
j  jdk.internal.reflect.NativeMethodAccessorImpl.invoke0(Ljava/lang/reflect/Method;Ljava/lang/Object;[Ljava/lang/Object;)Ljava/lang/Object;+0 java.base@17.0.6
j  jdk.internal.reflect.NativeMethodAccessorImpl.invoke(Ljava/lang/Object;[Ljava/lang/Object;)Ljava/lang/Object;+133 java.base@17.0.6
j  jdk.internal.reflect.DelegatingMethodAccessorImpl.invoke(Ljava/lang/Object;[Ljava/lang/Object;)Ljava/lang/Object;+6 java.base@17.0.6
j  java.lang.reflect.Method.invoke(Ljava/lang/Object;[Ljava/lang/Object;)Ljava/lang/Object;+59 java.base@17.0.6
j  org.gradle.launcher.GradleMain.main([Ljava/lang/String;)V+100
v  ~StubRoutines::call_stub
j  jdk.internal.reflect.NativeMethodAccessorImpl.invoke0(Ljava/lang/reflect/Method;Ljava/lang/Object;[Ljava/lang/Object;)Ljava/lang/Object;+0 java.base@17.0.6
j  jdk.internal.reflect.NativeMethodAccessorImpl.invoke(Ljava/lang/Object;[Ljava/lang/Object;)Ljava/lang/Object;+133 java.base@17.0.6
j  jdk.internal.reflect.DelegatingMethodAccessorImpl.invoke(Ljava/lang/Object;[Ljava/lang/Object;)Ljava/lang/Object;+6 java.base@17.0.6
j  java.lang.reflect.Method.invoke(Ljava/lang/Object;[Ljava/lang/Object;)Ljava/lang/Object;+59 java.base@17.0.6
j  org.gradle.wrapper.BootstrapMainStarter.start([Ljava/lang/String;Ljava/io/File;)V+82
j  org.gradle.wrapper.WrapperExecutor.execute([Ljava/lang/String;Lorg/gradle/wrapper/Install;Lorg/gradle/wrapper/BootstrapMainStarter;)V+14
j  org.gradle.wrapper.GradleWrapperMain.main([Ljava/lang/String;)V+190
v  ~StubRoutines::call_stub

---------------  P R O C E S S  ---------------

Threads class SMR info:
_java_thread_list=0x000002dea1fb9860, length=13, elements={
0x000002de874cfa60, 0x000002dea1413620, 0x000002dea0954240, 0x000002dea096e060,
0x000002dea0999e00, 0x000002dea099b6d0, 0x000002dea099bf90, 0x000002dea142bf80,
0x000002dea142c880, 0x000002dea1496ea0, 0x000002dea1593420, 0x000002dea15ab010,
0x000002dea1ee86c0
}

Java Threads: ( => current thread )
=>0x000002de874cfa60 JavaThread "main" [_thread_in_vm, id=11812, stack(0x000000e5eb900000,0x000000e5eba00000)]
  0x000002dea1413620 JavaThread "Reference Handler" daemon [_thread_blocked, id=14292, stack(0x000000e5ec000000,0x000000e5ec100000)]
  0x000002dea0954240 JavaThread "Finalizer" daemon [_thread_blocked, id=14184, stack(0x000000e5ec100000,0x000000e5ec200000)]
  0x000002dea096e060 JavaThread "Signal Dispatcher" daemon [_thread_blocked, id=14824, stack(0x000000e5ec200000,0x000000e5ec300000)]
  0x000002dea0999e00 JavaThread "Attach Listener" daemon [_thread_blocked, id=16172, stack(0x000000e5ec300000,0x000000e5ec400000)]
  0x000002dea099b6d0 JavaThread "Service Thread" daemon [_thread_blocked, id=14356, stack(0x000000e5ec400000,0x000000e5ec500000)]
  0x000002dea099bf90 JavaThread "Monitor Deflation Thread" daemon [_thread_blocked, id=4328, stack(0x000000e5ec500000,0x000000e5ec600000)]
  0x000002dea142bf80 JavaThread "C2 CompilerThread0" daemon [_thread_blocked, id=14328, stack(0x000000e5ec600000,0x000000e5ec700000)]
  0x000002dea142c880 JavaThread "C1 CompilerThread0" daemon [_thread_blocked, id=11624, stack(0x000000e5ec700000,0x000000e5ec800000)]
  0x000002dea1496ea0 JavaThread "Sweeper thread" daemon [_thread_blocked, id=9824, stack(0x000000e5ec800000,0x000000e5ec900000)]
  0x000002dea1593420 JavaThread "Notification Thread" daemon [_thread_blocked, id=9820, stack(0x000000e5ec900000,0x000000e5eca00000)]
  0x000002dea15ab010 JavaThread "Common-Cleaner" daemon [_thread_blocked, id=10996, stack(0x000000e5ecb00000,0x000000e5ecc00000)]
  0x000002dea1ee86c0 JavaThread "pool-1-thread-1" [_thread_blocked, id=10776, stack(0x000000e5ecf00000,0x000000e5ed000000)]

Other Threads:
  0x000002dea094f6d0 VMThread "VM Thread" [stack: 0x000000e5ebf00000,0x000000e5ec000000] [id=16048]
  0x000002dea150d2b0 WatcherThread [stack: 0x000000e5eca00000,0x000000e5ecb00000] [id=4860]
  0x000002de875297c0 GCTaskThread "GC Thread#0" [stack: 0x000000e5eba00000,0x000000e5ebb00000] [id=12792]
  0x000002dea199ff70 GCTaskThread "GC Thread#1" [stack: 0x000000e5ecc00000,0x000000e5ecd00000] [id=11176]
  0x000002dea185ce80 GCTaskThread "GC Thread#2" [stack: 0x000000e5ecd00000,0x000000e5ece00000] [id=1768]
  0x000002dea1a8a010 GCTaskThread "GC Thread#3" [stack: 0x000000e5ece00000,0x000000e5ecf00000] [id=14544]
  0x000002de8753a210 ConcurrentGCThread "G1 Main Marker" [stack: 0x000000e5ebb00000,0x000000e5ebc00000] [id=12880]
  0x000002de8753ab30 ConcurrentGCThread "G1 Conc#0" [stack: 0x000000e5ebc00000,0x000000e5ebd00000] [id=12912]
  0x000002de8758eab0 ConcurrentGCThread "G1 Refine#0" [stack: 0x000000e5ebd00000,0x000000e5ebe00000] [id=11056]
  0x000002dea07c1cd0 ConcurrentGCThread "G1 Service" [stack: 0x000000e5ebe00000,0x000000e5ebf00000] [id=8064]

Threads with active compile tasks:

VM state: not at safepoint (normal execution)

VM Mutex/Monitor currently owned by a thread:  ([mutex/lock_event])
[0x000002de853cbba0] Metaspace_lock - owner thread: 0x000002de874cfa60

Heap address: 0x0000000082000000, size: 2016 MB, Compressed Oops mode: 32-bit

CDS archive(s) not mapped
Compressed class space mapped at: 0x0000000100000000-0x0000000140000000, reserved size: 1073741824
Narrow klass base: 0x0000000000000000, Narrow klass shift: 3, Narrow klass range: 0x140000000

GC Precious Log:
 CPUs: 4 total, 4 available
 Memory: 8058M
 Large Page Support: Disabled
 NUMA Support: Disabled
 Compressed Oops: Enabled (32-bit)
 Heap Region Size: 1M
 Heap Min Capacity: 8M
 Heap Initial Capacity: 126M
 Heap Max Capacity: 2016M
 Pre-touch: Disabled
 Parallel Workers: 4
 Concurrent Workers: 1
 Concurrent Refinement Workers: 4
 Periodic GC: Disabled

Heap:
 garbage-first heap   total 129024K, used 19499K [0x0000000082000000, 0x0000000100000000)
  region size 1024K, 16 young (16384K), 2 survivors (2048K)
 Metaspace       used 12228K, committed 12416K, reserved 1064960K
  class space    used 1355K, committed 1408K, reserved 1048576K

Heap Regions: E=young(eden), S=young(survivor), O=old, HS=humongous(starts), HC=humongous(continues), CS=collection set, F=free, OA=open archive, CA=closed archive, TAMS=top-at-mark-start (previous, next)
|   0|0x0000000082000000, 0x0000000082100000, 0x0000000082100000|100%|HS|  |TAMS 0x0000000082000000, 0x0000000082000000| Complete 
|   1|0x0000000082100000, 0x0000000082200000, 0x0000000082200000|100%|HC|  |TAMS 0x0000000082100000, 0x0000000082100000| Complete 
|   2|0x0000000082200000, 0x0000000082300000, 0x0000000082300000|100%|HC|  |TAMS 0x0000000082200000, 0x0000000082200000| Complete 
|   3|0x0000000082300000, 0x0000000082400000, 0x0000000082400000|100%| O|  |TAMS 0x0000000082300000, 0x0000000082300000| Untracked 
|   4|0x0000000082400000, 0x000000008240ac00, 0x0000000082500000|  4%| O|  |TAMS 0x0000000082400000, 0x0000000082400000| Untracked 
|   5|0x0000000082500000, 0x0000000082500000, 0x0000000082600000|  0%| F|  |TAMS 0x0000000082500000, 0x0000000082500000| Untracked 
|   6|0x0000000082600000, 0x0000000082600000, 0x0000000082700000|  0%| F|  |TAMS 0x0000000082600000, 0x0000000082600000| Untracked 
|   7|0x0000000082700000, 0x0000000082700000, 0x0000000082800000|  0%| F|  |TAMS 0x0000000082700000, 0x0000000082700000| Untracked 
|   8|0x0000000082800000, 0x0000000082800000, 0x0000000082900000|  0%| F|  |TAMS 0x0000000082800000, 0x0000000082800000| Untracked 
|   9|0x0000000082900000, 0x0000000082900000, 0x0000000082a00000|  0%| F|  |TAMS 0x0000000082900000, 0x0000000082900000| Untracked 
|  10|0x0000000082a00000, 0x0000000082a00000, 0x0000000082b00000|  0%| F|  |TAMS 0x0000000082a00000, 0x0000000082a00000| Untracked 
|  11|0x0000000082b00000, 0x0000000082b00000, 0x0000000082c00000|  0%| F|  |TAMS 0x0000000082b00000, 0x0000000082b00000| Untracked 
|  12|0x0000000082c00000, 0x0000000082c00000, 0x0000000082d00000|  0%| F|  |TAMS 0x0000000082c00000, 0x0000000082c00000| Untracked 
|  13|0x0000000082d00000, 0x0000000082d00000, 0x0000000082e00000|  0%| F|  |TAMS 0x0000000082d00000, 0x0000000082d00000| Untracked 
|  14|0x0000000082e00000, 0x0000000082e00000, 0x0000000082f00000|  0%| F|  |TAMS 0x0000000082e00000, 0x0000000082e00000| Untracked 
|  15|0x0000000082f00000, 0x0000000082f00000, 0x0000000083000000|  0%| F|  |TAMS 0x0000000082f00000, 0x0000000082f00000| Untracked 
|  16|0x0000000083000000, 0x0000000083000000, 0x0000000083100000|  0%| F|  |TAMS 0x0000000083000000, 0x0000000083000000| Untracked 
|  17|0x0000000083100000, 0x0000000083100000, 0x0000000083200000|  0%| F|  |TAMS 0x0000000083100000, 0x0000000083100000| Untracked 
|  18|0x0000000083200000, 0x0000000083200000, 0x0000000083300000|  0%| F|  |TAMS 0x0000000083200000, 0x0000000083200000| Untracked 
|  19|0x0000000083300000, 0x0000000083300000, 0x0000000083400000|  0%| F|  |TAMS 0x0000000083300000, 0x0000000083300000| Untracked 
|  20|0x0000000083400000, 0x0000000083400000, 0x0000000083500000|  0%| F|  |TAMS 0x0000000083400000, 0x0000000083400000| Untracked 
|  21|0x0000000083500000, 0x0000000083500000, 0x0000000083600000|  0%| F|  |TAMS 0x0000000083500000, 0x0000000083500000| Untracked 
|  22|0x0000000083600000, 0x0000000083600000, 0x0000000083700000|  0%| F|  |TAMS 0x0000000083600000, 0x0000000083600000| Untracked 
|  23|0x0000000083700000, 0x0000000083700000, 0x0000000083800000|  0%| F|  |TAMS 0x0000000083700000, 0x0000000083700000| Untracked 
|  24|0x0000000083800000, 0x0000000083800000, 0x0000000083900000|  0%| F|  |TAMS 0x0000000083800000, 0x0000000083800000| Untracked 
|  25|0x0000000083900000, 0x0000000083900000, 0x0000000083a00000|  0%| F|  |TAMS 0x0000000083900000, 0x0000000083900000| Untracked 
|  26|0x0000000083a00000, 0x0000000083a00000, 0x0000000083b00000|  0%| F|  |TAMS 0x0000000083a00000, 0x0000000083a00000| Untracked 
|  27|0x0000000083b00000, 0x0000000083b00000, 0x0000000083c00000|  0%| F|  |TAMS 0x0000000083b00000, 0x0000000083b00000| Untracked 
|  28|0x0000000083c00000, 0x0000000083c00000, 0x0000000083d00000|  0%| F|  |TAMS 0x0000000083c00000, 0x0000000083c00000| Untracked 
|  29|0x0000000083d00000, 0x0000000083d00000, 0x0000000083e00000|  0%| F|  |TAMS 0x0000000083d00000, 0x0000000083d00000| Untracked 
|  30|0x0000000083e00000, 0x0000000083e00000, 0x0000000083f00000|  0%| F|  |TAMS 0x0000000083e00000, 0x0000000083e00000| Untracked 
|  31|0x0000000083f00000, 0x0000000083f00000, 0x0000000084000000|  0%| F|  |TAMS 0x0000000083f00000, 0x0000000083f00000| Untracked 
|  32|0x0000000084000000, 0x0000000084000000, 0x0000000084100000|  0%| F|  |TAMS 0x0000000084000000, 0x0000000084000000| Untracked 
|  33|0x0000000084100000, 0x0000000084100000, 0x0000000084200000|  0%| F|  |TAMS 0x0000000084100000, 0x0000000084100000| Untracked 
|  34|0x0000000084200000, 0x0000000084200000, 0x0000000084300000|  0%| F|  |TAMS 0x0000000084200000, 0x0000000084200000| Untracked 
|  35|0x0000000084300000, 0x0000000084300000, 0x0000000084400000|  0%| F|  |TAMS 0x0000000084300000, 0x0000000084300000| Untracked 
|  36|0x0000000084400000, 0x0000000084400000, 0x0000000084500000|  0%| F|  |TAMS 0x0000000084400000, 0x0000000084400000| Untracked 
|  37|0x0000000084500000, 0x0000000084500000, 0x0000000084600000|  0%| F|  |TAMS 0x0000000084500000, 0x0000000084500000| Untracked 
|  38|0x0000000084600000, 0x0000000084600000, 0x0000000084700000|  0%| F|  |TAMS 0x0000000084600000, 0x0000000084600000| Untracked 
|  39|0x0000000084700000, 0x0000000084700000, 0x0000000084800000|  0%| F|  |TAMS 0x0000000084700000, 0x0000000084700000| Untracked 
|  40|0x0000000084800000, 0x0000000084800000, 0x0000000084900000|  0%| F|  |TAMS 0x0000000084800000, 0x0000000084800000| Untracked 
|  41|0x0000000084900000, 0x0000000084900000, 0x0000000084a00000|  0%| F|  |TAMS 0x0000000084900000, 0x0000000084900000| Untracked 
|  42|0x0000000084a00000, 0x0000000084a00000, 0x0000000084b00000|  0%| F|  |TAMS 0x0000000084a00000, 0x0000000084a00000| Untracked 
|  43|0x0000000084b00000, 0x0000000084b00000, 0x0000000084c00000|  0%| F|  |TAMS 0x0000000084b00000, 0x0000000084b00000| Untracked 
|  44|0x0000000084c00000, 0x0000000084c00000, 0x0000000084d00000|  0%| F|  |TAMS 0x0000000084c00000, 0x0000000084c00000| Untracked 
|  45|0x0000000084d00000, 0x0000000084d00000, 0x0000000084e00000|  0%| F|  |TAMS 0x0000000084d00000, 0x0000000084d00000| Untracked 
|  46|0x0000000084e00000, 0x0000000084e00000, 0x0000000084f00000|  0%| F|  |TAMS 0x0000000084e00000, 0x0000000084e00000| Untracked 
|  47|0x0000000084f00000, 0x0000000084f00000, 0x0000000085000000|  0%| F|  |TAMS 0x0000000084f00000, 0x0000000084f00000| Untracked 
|  48|0x0000000085000000, 0x0000000085000000, 0x0000000085100000|  0%| F|  |TAMS 0x0000000085000000, 0x0000000085000000| Untracked 
|  49|0x0000000085100000, 0x0000000085100000, 0x0000000085200000|  0%| F|  |TAMS 0x0000000085100000, 0x0000000085100000| Untracked 
|  50|0x0000000085200000, 0x0000000085200000, 0x0000000085300000|  0%| F|  |TAMS 0x0000000085200000, 0x0000000085200000| Untracked 
|  51|0x0000000085300000, 0x0000000085300000, 0x0000000085400000|  0%| F|  |TAMS 0x0000000085300000, 0x0000000085300000| Untracked 
|  52|0x0000000085400000, 0x0000000085400000, 0x0000000085500000|  0%| F|  |TAMS 0x0000000085400000, 0x0000000085400000| Untracked 
|  53|0x0000000085500000, 0x0000000085500000, 0x0000000085600000|  0%| F|  |TAMS 0x0000000085500000, 0x0000000085500000| Untracked 
|  54|0x0000000085600000, 0x0000000085600000, 0x0000000085700000|  0%| F|  |TAMS 0x0000000085600000, 0x0000000085600000| Untracked 
|  55|0x0000000085700000, 0x0000000085700000, 0x0000000085800000|  0%| F|  |TAMS 0x0000000085700000, 0x0000000085700000| Untracked 
|  56|0x0000000085800000, 0x0000000085800000, 0x0000000085900000|  0%| F|  |TAMS 0x0000000085800000, 0x0000000085800000| Untracked 
|  57|0x0000000085900000, 0x0000000085900000, 0x0000000085a00000|  0%| F|  |TAMS 0x0000000085900000, 0x0000000085900000| Untracked 
|  58|0x0000000085a00000, 0x0000000085a00000, 0x0000000085b00000|  0%| F|  |TAMS 0x0000000085a00000, 0x0000000085a00000| Untracked 
|  59|0x0000000085b00000, 0x0000000085b00000, 0x0000000085c00000|  0%| F|  |TAMS 0x0000000085b00000, 0x0000000085b00000| Untracked 
|  60|0x0000000085c00000, 0x0000000085c00000, 0x0000000085d00000|  0%| F|  |TAMS 0x0000000085c00000, 0x0000000085c00000| Untracked 
|  61|0x0000000085d00000, 0x0000000085d00000, 0x0000000085e00000|  0%| F|  |TAMS 0x0000000085d00000, 0x0000000085d00000| Untracked 
|  62|0x0000000085e00000, 0x0000000085e00000, 0x0000000085f00000|  0%| F|  |TAMS 0x0000000085e00000, 0x0000000085e00000| Untracked 
|  63|0x0000000085f00000, 0x0000000085f00000, 0x0000000086000000|  0%| F|  |TAMS 0x0000000085f00000, 0x0000000085f00000| Untracked 
|  64|0x0000000086000000, 0x0000000086000000, 0x0000000086100000|  0%| F|  |TAMS 0x0000000086000000, 0x0000000086000000| Untracked 
|  65|0x0000000086100000, 0x0000000086100000, 0x0000000086200000|  0%| F|  |TAMS 0x0000000086100000, 0x0000000086100000| Untracked 
|  66|0x0000000086200000, 0x0000000086200000, 0x0000000086300000|  0%| F|  |TAMS 0x0000000086200000, 0x0000000086200000| Untracked 
|  67|0x0000000086300000, 0x0000000086300000, 0x0000000086400000|  0%| F|  |TAMS 0x0000000086300000, 0x0000000086300000| Untracked 
|  68|0x0000000086400000, 0x0000000086400000, 0x0000000086500000|  0%| F|  |TAMS 0x0000000086400000, 0x0000000086400000| Untracked 
|  69|0x0000000086500000, 0x0000000086500000, 0x0000000086600000|  0%| F|  |TAMS 0x0000000086500000, 0x0000000086500000| Untracked 
|  70|0x0000000086600000, 0x0000000086600000, 0x0000000086700000|  0%| F|  |TAMS 0x0000000086600000, 0x0000000086600000| Untracked 
|  71|0x0000000086700000, 0x0000000086700000, 0x0000000086800000|  0%| F|  |TAMS 0x0000000086700000, 0x0000000086700000| Untracked 
|  72|0x0000000086800000, 0x0000000086800000, 0x0000000086900000|  0%| F|  |TAMS 0x0000000086800000, 0x0000000086800000| Untracked 
|  73|0x0000000086900000, 0x0000000086900000, 0x0000000086a00000|  0%| F|  |TAMS 0x0000000086900000, 0x0000000086900000| Untracked 
|  74|0x0000000086a00000, 0x0000000086a00000, 0x0000000086b00000|  0%| F|  |TAMS 0x0000000086a00000, 0x0000000086a00000| Untracked 
|  75|0x0000000086b00000, 0x0000000086b00000, 0x0000000086c00000|  0%| F|  |TAMS 0x0000000086b00000, 0x0000000086b00000| Untracked 
|  76|0x0000000086c00000, 0x0000000086c00000, 0x0000000086d00000|  0%| F|  |TAMS 0x0000000086c00000, 0x0000000086c00000| Untracked 
|  77|0x0000000086d00000, 0x0000000086d00000, 0x0000000086e00000|  0%| F|  |TAMS 0x0000000086d00000, 0x0000000086d00000| Untracked 
|  78|0x0000000086e00000, 0x0000000086e00000, 0x0000000086f00000|  0%| F|  |TAMS 0x0000000086e00000, 0x0000000086e00000| Untracked 
|  79|0x0000000086f00000, 0x0000000086f00000, 0x0000000087000000|  0%| F|  |TAMS 0x0000000086f00000, 0x0000000086f00000| Untracked 
|  80|0x0000000087000000, 0x0000000087000000, 0x0000000087100000|  0%| F|  |TAMS 0x0000000087000000, 0x0000000087000000| Untracked 
|  81|0x0000000087100000, 0x0000000087100000, 0x0000000087200000|  0%| F|  |TAMS 0x0000000087100000, 0x0000000087100000| Untracked 
|  82|0x0000000087200000, 0x0000000087200000, 0x0000000087300000|  0%| F|  |TAMS 0x0000000087200000, 0x0000000087200000| Untracked 
|  83|0x0000000087300000, 0x0000000087300000, 0x0000000087400000|  0%| F|  |TAMS 0x0000000087300000, 0x0000000087300000| Untracked 
|  84|0x0000000087400000, 0x0000000087400000, 0x0000000087500000|  0%| F|  |TAMS 0x0000000087400000, 0x0000000087400000| Untracked 
|  85|0x0000000087500000, 0x0000000087500000, 0x0000000087600000|  0%| F|  |TAMS 0x0000000087500000, 0x0000000087500000| Untracked 
|  86|0x0000000087600000, 0x0000000087600000, 0x0000000087700000|  0%| F|  |TAMS 0x0000000087600000, 0x0000000087600000| Untracked 
|  87|0x0000000087700000, 0x0000000087700000, 0x0000000087800000|  0%| F|  |TAMS 0x0000000087700000, 0x0000000087700000| Untracked 
|  88|0x0000000087800000, 0x0000000087800000, 0x0000000087900000|  0%| F|  |TAMS 0x0000000087800000, 0x0000000087800000| Untracked 
|  89|0x0000000087900000, 0x0000000087900000, 0x0000000087a00000|  0%| F|  |TAMS 0x0000000087900000, 0x0000000087900000| Untracked 
|  90|0x0000000087a00000, 0x0000000087a00000, 0x0000000087b00000|  0%| F|  |TAMS 0x0000000087a00000, 0x0000000087a00000| Untracked 
|  91|0x0000000087b00000, 0x0000000087b00000, 0x0000000087c00000|  0%| F|  |TAMS 0x0000000087b00000, 0x0000000087b00000| Untracked 
|  92|0x0000000087c00000, 0x0000000087c00000, 0x0000000087d00000|  0%| F|  |TAMS 0x0000000087c00000, 0x0000000087c00000| Untracked 
|  93|0x0000000087d00000, 0x0000000087d00000, 0x0000000087e00000|  0%| F|  |TAMS 0x0000000087d00000, 0x0000000087d00000| Untracked 
|  94|0x0000000087e00000, 0x0000000087e00000, 0x0000000087f00000|  0%| F|  |TAMS 0x0000000087e00000, 0x0000000087e00000| Untracked 
|  95|0x0000000087f00000, 0x0000000087f00000, 0x0000000088000000|  0%| F|  |TAMS 0x0000000087f00000, 0x0000000087f00000| Untracked 
|  96|0x0000000088000000, 0x0000000088000000, 0x0000000088100000|  0%| F|  |TAMS 0x0000000088000000, 0x0000000088000000| Untracked 
|  97|0x0000000088100000, 0x0000000088100000, 0x0000000088200000|  0%| F|  |TAMS 0x0000000088100000, 0x0000000088100000| Untracked 
|  98|0x0000000088200000, 0x0000000088200000, 0x0000000088300000|  0%| F|  |TAMS 0x0000000088200000, 0x0000000088200000| Untracked 
|  99|0x0000000088300000, 0x0000000088300000, 0x0000000088400000|  0%| F|  |TAMS 0x0000000088300000, 0x0000000088300000| Untracked 
| 100|0x0000000088400000, 0x0000000088400000, 0x0000000088500000|  0%| F|  |TAMS 0x0000000088400000, 0x0000000088400000| Untracked 
| 101|0x0000000088500000, 0x0000000088500000, 0x0000000088600000|  0%| F|  |TAMS 0x0000000088500000, 0x0000000088500000| Untracked 
| 102|0x0000000088600000, 0x0000000088600000, 0x0000000088700000|  0%| F|  |TAMS 0x0000000088600000, 0x0000000088600000| Untracked 
| 103|0x0000000088700000, 0x0000000088700000, 0x0000000088800000|  0%| F|  |TAMS 0x0000000088700000, 0x0000000088700000| Untracked 
| 104|0x0000000088800000, 0x0000000088800000, 0x0000000088900000|  0%| F|  |TAMS 0x0000000088800000, 0x0000000088800000| Untracked 
| 105|0x0000000088900000, 0x0000000088900000, 0x0000000088a00000|  0%| F|  |TAMS 0x0000000088900000, 0x0000000088900000| Untracked 
| 106|0x0000000088a00000, 0x0000000088a00000, 0x0000000088b00000|  0%| F|  |TAMS 0x0000000088a00000, 0x0000000088a00000| Untracked 
| 107|0x0000000088b00000, 0x0000000088b00000, 0x0000000088c00000|  0%| F|  |TAMS 0x0000000088b00000, 0x0000000088b00000| Untracked 
| 108|0x0000000088c00000, 0x0000000088c00000, 0x0000000088d00000|  0%| F|  |TAMS 0x0000000088c00000, 0x0000000088c00000| Untracked 
| 109|0x0000000088d00000, 0x0000000088d00000, 0x0000000088e00000|  0%| F|  |TAMS 0x0000000088d00000, 0x0000000088d00000| Untracked 
| 110|0x0000000088e00000, 0x0000000088e4d6d8, 0x0000000088f00000| 30%| E|  |TAMS 0x0000000088e00000, 0x0000000088e00000| Complete 
| 111|0x0000000088f00000, 0x0000000089000000, 0x0000000089000000|100%| S|CS|TAMS 0x0000000088f00000, 0x0000000088f00000| Complete 
| 112|0x0000000089000000, 0x0000000089100000, 0x0000000089100000|100%| S|CS|TAMS 0x0000000089000000, 0x0000000089000000| Complete 
| 113|0x0000000089100000, 0x0000000089200000, 0x0000000089200000|100%| E|CS|TAMS 0x0000000089100000, 0x0000000089100000| Complete 
| 114|0x0000000089200000, 0x0000000089300000, 0x0000000089300000|100%| E|CS|TAMS 0x0000000089200000, 0x0000000089200000| Complete 
| 115|0x0000000089300000, 0x0000000089400000, 0x0000000089400000|100%| E|CS|TAMS 0x0000000089300000, 0x0000000089300000| Complete 
| 116|0x0000000089400000, 0x0000000089500000, 0x0000000089500000|100%| E|CS|TAMS 0x0000000089400000, 0x0000000089400000| Complete 
| 117|0x0000000089500000, 0x0000000089600000, 0x0000000089600000|100%| E|CS|TAMS 0x0000000089500000, 0x0000000089500000| Complete 
| 118|0x0000000089600000, 0x0000000089700000, 0x0000000089700000|100%| E|CS|TAMS 0x0000000089600000, 0x0000000089600000| Complete 
| 119|0x0000000089700000, 0x0000000089800000, 0x0000000089800000|100%| E|CS|TAMS 0x0000000089700000, 0x0000000089700000| Complete 
| 120|0x0000000089800000, 0x0000000089900000, 0x0000000089900000|100%| E|CS|TAMS 0x0000000089800000, 0x0000000089800000| Complete 
| 121|0x0000000089900000, 0x0000000089a00000, 0x0000000089a00000|100%| E|CS|TAMS 0x0000000089900000, 0x0000000089900000| Complete 
| 122|0x0000000089a00000, 0x0000000089b00000, 0x0000000089b00000|100%| E|CS|TAMS 0x0000000089a00000, 0x0000000089a00000| Complete 
| 123|0x0000000089b00000, 0x0000000089c00000, 0x0000000089c00000|100%| E|CS|TAMS 0x0000000089b00000, 0x0000000089b00000| Complete 
| 124|0x0000000089c00000, 0x0000000089d00000, 0x0000000089d00000|100%| E|CS|TAMS 0x0000000089c00000, 0x0000000089c00000| Complete 
| 125|0x0000000089d00000, 0x0000000089e00000, 0x0000000089e00000|100%| E|CS|TAMS 0x0000000089d00000, 0x0000000089d00000| Complete 

Card table byte_map: [0x000002de99d80000,0x000002de9a170000] _byte_map_base: 0x000002de99970000

Marking Bits (Prev, Next): (CMBitMap*) 0x000002de87529ce0, (CMBitMap*) 0x000002de87529d20
 Prev Bits: [0x000002de9a560000, 0x000002de9c4e0000)
 Next Bits: [0x000002de9c4e0000, 0x000002de9e460000)

Polling page: 0x000002de85630000

Metaspace:

Usage:
  Non-class:     10.62 MB used.
      Class:      1.32 MB used.
       Both:     11.94 MB used.

Virtual space:
  Non-class space:       16.00 MB reserved,      10.75 MB ( 67%) committed,  2 nodes.
      Class space:        1.00 GB reserved,       1.38 MB ( <1%) committed,  1 nodes.
             Both:        1.02 GB reserved,      12.13 MB (  1%) committed. 

Chunk freelists:
   Non-Class:  558.00 KB
       Class:  2.45 MB
        Both:  3.00 MB

MaxMetaspaceSize: unlimited
CompressedClassSpaceSize: 1.00 GB
Initial GC threshold: 21.00 MB
Current GC threshold: 21.00 MB
CDS: off
MetaspaceReclaimPolicy: balanced
 - commit_granule_bytes: 65536.
 - commit_granule_words: 8192.
 - virtual_space_node_default_size: 1048576.
 - enlarge_chunks_in_place: 1.
 - new_chunks_are_fully_committed: 0.
 - uncommit_free_chunks: 1.
 - use_allocation_guard: 0.
 - handle_deallocations: 1.


Internal statistics:

num_allocs_failed_limit: 0.
num_arena_births: 60.
num_arena_deaths: 0.
num_vsnodes_births: 3.
num_vsnodes_deaths: 0.
num_space_committed: 194.
num_space_uncommitted: 0.
num_chunks_returned_to_freelist: 0.
num_chunks_taken_from_freelist: 200.
num_chunk_merges: 0.
num_chunk_splits: 127.
num_chunks_enlarged: 102.
num_purges: 0.
num_inconsistent_stats: 0.

CodeHeap 'non-profiled nmethods': size=120000Kb used=365Kb max_used=365Kb free=119634Kb
 bounds [0x000002de92460000, 0x000002de926d0000, 0x000002de99990000]
CodeHeap 'profiled nmethods': size=120000Kb used=1728Kb max_used=1728Kb free=118271Kb
 bounds [0x000002de8a990000, 0x000002de8ac00000, 0x000002de91ec0000]
CodeHeap 'non-nmethods': size=5760Kb used=1130Kb max_used=1158Kb free=4629Kb
 bounds [0x000002de91ec0000, 0x000002de92130000, 0x000002de92460000]
 total_blobs=1347 nmethods=932 adapters=328
 compilation: enabled
              stopped_count=0, restarted_count=0
 full_count=0

Compilation events (20 events):
Event: 3.817 Thread 0x000002dea142bf80  882       4       java.util.Objects::checkIndex (7 bytes)
Event: 3.817 Thread 0x000002dea142bf80 nmethod 882 0x000002de924b8b90 code [0x000002de924b8d00, 0x000002de924b8d98]
Event: 3.822 Thread 0x000002dea142c880  923       3       sun.invoke.util.VerifyAccess::isSamePackage (37 bytes)
Event: 3.823 Thread 0x000002dea142c880 nmethod 923 0x000002de8ab3af10 code [0x000002de8ab3b220, 0x000002de8ab3c678]
Event: 3.867 Thread 0x000002dea142bf80  924       4       java.lang.CharacterDataLatin1::toUpperCase (53 bytes)
Event: 3.867 Thread 0x000002dea142bf80 nmethod 924 0x000002de924b8e90 code [0x000002de924b9000, 0x000002de924b9118]
Event: 3.867 Thread 0x000002dea142bf80  925 %     4       java.lang.StringLatin1::indexOf @ 30 (121 bytes)
Event: 3.874 Thread 0x000002dea142bf80 nmethod 925% 0x000002de924b9210 code [0x000002de924b93a0, 0x000002de924b9758]
Event: 3.875 Thread 0x000002dea142c880  926       3       java.lang.Class::cast (27 bytes)
Event: 3.876 Thread 0x000002dea142c880 nmethod 926 0x000002de8ab3cc90 code [0x000002de8ab3ce40, 0x000002de8ab3d0f8]
Event: 3.907 Thread 0x000002dea142bf80  927       4       jdk.internal.loader.URLClassPath::getResource (74 bytes)
Event: 3.923 Thread 0x000002dea142bf80 nmethod 927 0x000002de924b9990 code [0x000002de924b9c40, 0x000002de924ba8a8]
Event: 3.931 Thread 0x000002dea142c880  929       3       sun.invoke.util.VerifyType::isNullConversion (157 bytes)
Event: 3.932 Thread 0x000002dea142c880 nmethod 929 0x000002de8ab3d210 code [0x000002de8ab3d540, 0x000002de8ab3eb28]
Event: 3.932 Thread 0x000002dea142c880  930       3       java.lang.ref.Reference::<init> (7 bytes)
Event: 3.932 Thread 0x000002dea142c880 nmethod 930 0x000002de8ab3f010 code [0x000002de8ab3f1c0, 0x000002de8ab3f478]
Event: 3.934 Thread 0x000002dea142c880  931       3       sun.invoke.util.Wrapper::forBasicType (16 bytes)
Event: 3.934 Thread 0x000002dea142c880 nmethod 931 0x000002de8ab3f590 code [0x000002de8ab3f740, 0x000002de8ab3f8e8]
Event: 3.934 Thread 0x000002dea142c880  932       3       jdk.internal.org.objectweb.asm.AnnotationWriter::putAnnotations (67 bytes)
Event: 3.935 Thread 0x000002dea142c880 nmethod 932 0x000002de8ab3f990 code [0x000002de8ab3fba0, 0x000002de8ab3ffd8]

GC Heap History (2 events):
Event: 1.821 GC heap before
{Heap before GC invocations=0 (full 0):
 garbage-first heap   total 129024K, used 15360K [0x0000000082000000, 0x0000000100000000)
  region size 1024K, 13 young (13312K), 0 survivors (0K)
 Metaspace       used 8377K, committed 8512K, reserved 1056768K
  class space    used 736K, committed 768K, reserved 1048576K
}
Event: 1.836 GC heap after
{Heap after GC invocations=1 (full 0):
 garbage-first heap   total 129024K, used 3115K [0x0000000082000000, 0x0000000100000000)
  region size 1024K, 2 young (2048K), 2 survivors (2048K)
 Metaspace       used 8377K, committed 8512K, reserved 1056768K
  class space    used 736K, committed 768K, reserved 1048576K
}

Dll operation events (2 events):
Event: 0.098 Loaded shared library C:\Program Files\Android\Android Studio\jbr\bin\java.dll
Event: 0.891 Loaded shared library C:\Program Files\Android\Android Studio\jbr\bin\verify.dll

Deoptimization events (20 events):
Event: 3.121 Thread 0x000002de874cfa60 Uncommon trap: trap_request=0xffffffde fr.pc=0x000002de9247eea8 relative=0x00000000000003c8
Event: 3.121 Thread 0x000002de874cfa60 Uncommon trap: reason=class_check action=maybe_recompile pc=0x000002de9247eea8 method=java.util.regex.Matcher.match(II)Z @ 121 c2
Event: 3.121 Thread 0x000002de874cfa60 DEOPT PACKING pc=0x000002de9247eea8 sp=0x000000e5eb9fcce0
Event: 3.131 Thread 0x000002de874cfa60 DEOPT UNPACKING pc=0x000002de91f169a3 sp=0x000000e5eb9fcc88 mode 2
Event: 3.131 Thread 0x000002de874cfa60 Uncommon trap: trap_request=0xffffffde fr.pc=0x000002de9247eea8 relative=0x00000000000003c8
Event: 3.131 Thread 0x000002de874cfa60 Uncommon trap: reason=class_check action=maybe_recompile pc=0x000002de9247eea8 method=java.util.regex.Matcher.match(II)Z @ 121 c2
Event: 3.131 Thread 0x000002de874cfa60 DEOPT PACKING pc=0x000002de9247eea8 sp=0x000000e5eb9fcce0
Event: 3.131 Thread 0x000002de874cfa60 DEOPT UNPACKING pc=0x000002de91f169a3 sp=0x000000e5eb9fcc88 mode 2
Event: 3.304 Thread 0x000002de874cfa60 DEOPT PACKING pc=0x000002de8aab4dac sp=0x000000e5eb9f8760
Event: 3.304 Thread 0x000002de874cfa60 DEOPT UNPACKING pc=0x000002de91f17143 sp=0x000000e5eb9f7c10 mode 0
Event: 3.334 Thread 0x000002de874cfa60 Uncommon trap: trap_request=0xffffff45 fr.pc=0x000002de924a8618 relative=0x0000000000000438
Event: 3.334 Thread 0x000002de874cfa60 Uncommon trap: reason=unstable_if action=reinterpret pc=0x000002de924a8618 method=java.util.regex.Matcher.match(II)Z @ 76 c2
Event: 3.334 Thread 0x000002de874cfa60 DEOPT PACKING pc=0x000002de924a8618 sp=0x000000e5eb9fbb50
Event: 3.334 Thread 0x000002de874cfa60 DEOPT UNPACKING pc=0x000002de91f169a3 sp=0x000000e5eb9fbb08 mode 2
Event: 3.376 Thread 0x000002de874cfa60 Uncommon trap: trap_request=0xffffff45 fr.pc=0x000002de924aa9c4 relative=0x00000000000002a4
Event: 3.376 Thread 0x000002de874cfa60 Uncommon trap: reason=unstable_if action=reinterpret pc=0x000002de924aa9c4 method=java.lang.String.startsWith(Ljava/lang/String;I)Z @ 14 c2
Event: 3.376 Thread 0x000002de874cfa60 DEOPT PACKING pc=0x000002de924aa9c4 sp=0x000000e5eb9fbff0
Event: 3.376 Thread 0x000002de874cfa60 DEOPT UNPACKING pc=0x000002de91f169a3 sp=0x000000e5eb9fbf50 mode 2
Event: 3.571 Thread 0x000002de874cfa60 DEOPT PACKING pc=0x000002de8aa78e47 sp=0x000000e5eb9fbb70
Event: 3.571 Thread 0x000002de874cfa60 DEOPT UNPACKING pc=0x000002de91f17143 sp=0x000000e5eb9fafd0 mode 0

Classes unloaded (0 events):
No events

Classes redefined (0 events):
No events

Internal exceptions (10 events):
Event: 1.150 Thread 0x000002de874cfa60 Exception <a 'java/lang/NoSuchMethodError'{0x0000000089bdf738}: 'int java.lang.invoke.DirectMethodHandle$Holder.invokeStaticInit(java.lang.Object, java.lang.Object)'> (0x0000000089bdf738) 
thrown [s\src\hotspot\share\interpreter\linkResolver.cpp, line 771]
Event: 3.197 Thread 0x000002de874cfa60 Exception <a 'java/lang/NoSuchMethodError'{0x00000000896c1968}: 'void java.lang.invoke.DirectMethodHandle$Holder.invokeStatic(java.lang.Object, java.lang.Object)'> (0x00000000896c1968) 
thrown [s\src\hotspot\share\interpreter\linkResolver.cpp, line 771]
Event: 3.337 Thread 0x000002de874cfa60 Exception <a 'java/lang/NoClassDefFoundError'{0x00000000895481f8}: org/slf4j/impl/StaticMarkerBinder> (0x00000000895481f8) 
thrown [s\src\hotspot\share\classfile\systemDictionary.cpp, line 245]
Event: 3.430 Thread 0x000002de874cfa60 Exception <a 'java/lang/NoSuchMethodError'{0x00000000895e39a8}: 'java.lang.Object java.lang.invoke.DirectMethodHandle$Holder.invokeVirtual(java.lang.Object, java.lang.Object, java.lang.Object, java.lang.Object, java.lang.Object, java.lang.Object, java.lang.Object)'> (0x00000000895e39a8) 
thrown [s\src\hotspot\share\interpreter\linkResolver.cpp, line 771]
Event: 3.435 Thread 0x000002de874cfa60 Exception <a 'java/lang/NoSuchMethodError'{0x00000000895f5e18}: 'java.lang.Object java.lang.invoke.Invokers$Holder.invoker(java.lang.Object, java.lang.Object, java.lang.Object)'> (0x00000000895f5e18) 
thrown [s\src\hotspot\share\interpreter\linkResolver.cpp, line 771]
Event: 3.443 Thread 0x000002de874cfa60 Exception <a 'java/lang/NoSuchMethodError'{0x00000000895fef48}: 'java.lang.Object java.lang.invoke.DirectMethodHandle$Holder.invokeStatic(java.lang.Object, java.lang.Object, int)'> (0x00000000895fef48) 
thrown [s\src\hotspot\share\interpreter\linkResolver.cpp, line 771]
Event: 3.445 Thread 0x000002de874cfa60 Exception <a 'java/lang/NoSuchMethodError'{0x000000008940b100}: 'void java.lang.invoke.DelegatingMethodHandle$Holder.delegate(java.lang.Object, java.lang.Object, int, java.lang.Object)'> (0x000000008940b100) 
thrown [s\src\hotspot\share\interpreter\linkResolver.cpp, line 771]
Event: 3.446 Thread 0x000002de874cfa60 Exception <a 'java/lang/NoSuchMethodError'{0x000000008940f248}: 'int java.lang.invoke.DirectMethodHandle$Holder.invokeSpecial(java.lang.Object, java.lang.Object, java.lang.Object)'> (0x000000008940f248) 
thrown [s\src\hotspot\share\interpreter\linkResolver.cpp, line 771]
Event: 3.450 Thread 0x000002de874cfa60 Exception <a 'java/lang/NoSuchMethodError'{0x0000000089422400}: 'java.lang.Object java.lang.invoke.Invokers$Holder.invokeExact_MT(java.lang.Object, java.lang.Object, java.lang.Object, java.lang.Object)'> (0x0000000089422400) 
thrown [s\src\hotspot\share\interpreter\linkResolver.cpp, line 771]
Event: 3.930 Thread 0x000002de874cfa60 Exception <a 'java/lang/NoSuchMethodError'{0x0000000088e0e7d8}: 'java.lang.Object java.lang.invoke.DirectMethodHandle$Holder.invokeInterface(java.lang.Object, java.lang.Object, java.lang.Object)'> (0x0000000088e0e7d8) 
thrown [s\src\hotspot\share\interpreter\linkResolver.cpp, line 771]

VM Operations (10 events):
Event: 0.876 Executing VM operation: HandshakeAllThreads
Event: 0.876 Executing VM operation: HandshakeAllThreads done
Event: 1.814 Executing VM operation: G1CollectForAllocation
Event: 1.837 Executing VM operation: G1CollectForAllocation done
Event: 2.187 Executing VM operation: HandshakeAllThreads
Event: 2.187 Executing VM operation: HandshakeAllThreads done
Event: 3.188 Executing VM operation: Cleanup
Event: 3.191 Executing VM operation: Cleanup done
Event: 3.443 Executing VM operation: HandshakeAllThreads
Event: 3.443 Executing VM operation: HandshakeAllThreads done

Events (20 events):
Event: 3.798 loading class java/lang/invoke/BoundMethodHandle$Species_LLLLL done
Event: 3.799 loading class java/lang/invoke/BoundMethodHandle$Species_LLLLLL
Event: 3.805 loading class java/lang/invoke/BoundMethodHandle$Species_LLLLLL done
Event: 3.806 loading class java/lang/invoke/BoundMethodHandle$Species_LLLLLLL
Event: 3.807 loading class java/lang/invoke/BoundMethodHandle$Species_LLLLLLL done
Event: 3.811 loading class java/io/FileNotFoundException
Event: 3.811 loading class java/io/FileNotFoundException done
Event: 3.885 loading class java/util/concurrent/CopyOnWriteArraySet
Event: 3.894 loading class java/util/concurrent/CopyOnWriteArraySet done
Event: 3.918 loading class java/util/concurrent/SynchronousQueue
Event: 3.919 loading class java/util/concurrent/SynchronousQueue done
Event: 3.919 loading class java/util/concurrent/SynchronousQueue$TransferStack
Event: 3.919 loading class java/util/concurrent/SynchronousQueue$Transferer
Event: 3.919 loading class java/util/concurrent/SynchronousQueue$Transferer done
Event: 3.919 loading class java/util/concurrent/SynchronousQueue$TransferStack done
Event: 3.919 loading class java/util/concurrent/SynchronousQueue$TransferStack$SNode
Event: 3.920 loading class java/util/concurrent/SynchronousQueue$TransferStack$SNode done
Event: 3.940 loading class java/nio/file/NoSuchFileException
Event: 3.940 loading class java/nio/file/FileSystemException
Event: 3.940 loading class java/nio/file/FileSystemException done


Dynamic libraries:
0x00007ff7db1f0000 - 0x00007ff7db1fa000 	C:\Program Files\Android\Android Studio\jbr\bin\java.exe
0x00007ff9ac120000 - 0x00007ff9ac310000 	C:\Windows\SYSTEM32\ntdll.dll
0x00007ff9abcc0000 - 0x00007ff9abd72000 	C:\Windows\System32\KERNEL32.DLL
0x00007ff9a9ef0000 - 0x00007ff9aa193000 	C:\Windows\System32\KERNELBASE.dll
0x00007ff993e90000 - 0x00007ff993ea7000 	C:\Program Files\Android\Android Studio\jbr\bin\jli.dll
0x00007ff9a9b70000 - 0x00007ff9a9c6a000 	C:\Windows\System32\ucrtbase.dll
0x00007ff9a3700000 - 0x00007ff9a371b000 	C:\Program Files\Android\Android Studio\jbr\bin\VCRUNTIME140.dll
0x00007ff9aa290000 - 0x00007ff9aa424000 	C:\Windows\System32\USER32.dll
0x00007ff9a9a50000 - 0x00007ff9a9a71000 	C:\Windows\System32\win32u.dll
0x00007ff996610000 - 0x00007ff996895000 	C:\Windows\WinSxS\amd64_microsoft.windows.common-controls_6595b64144ccf1df_6.0.18362.418_none_e6c6b287130d565d\COMCTL32.dll
0x00007ff9ab110000 - 0x00007ff9ab136000 	C:\Windows\System32\GDI32.dll
0x00007ff9a98b0000 - 0x00007ff9a9a44000 	C:\Windows\System32\gdi32full.dll
0x00007ff9a9ad0000 - 0x00007ff9a9b6e000 	C:\Windows\System32\msvcp_win.dll
0x00007ff9ab250000 - 0x00007ff9ab2ee000 	C:\Windows\System32\msvcrt.dll
0x00007ff9aa6e0000 - 0x00007ff9aaa16000 	C:\Windows\System32\combase.dll
0x00007ff9abd80000 - 0x00007ff9abea0000 	C:\Windows\System32\RPCRT4.dll
0x00007ff9a9830000 - 0x00007ff9a98b0000 	C:\Windows\System32\bcryptPrimitives.dll
0x00007ff9ab220000 - 0x00007ff9ab24e000 	C:\Windows\System32\IMM32.DLL
0x00007ff9a51a0000 - 0x00007ff9a51ac000 	C:\Program Files\Android\Android Studio\jbr\bin\vcruntime140_1.dll
0x00007ff9a3370000 - 0x00007ff9a33fd000 	C:\Program Files\Android\Android Studio\jbr\bin\msvcp140.dll
0x00007ff940240000 - 0x00007ff940eae000 	C:\Program Files\Android\Android Studio\jbr\bin\server\jvm.dll
0x00007ff9abc10000 - 0x00007ff9abcb3000 	C:\Windows\System32\ADVAPI32.dll
0x00007ff9aa430000 - 0x00007ff9aa4c7000 	C:\Windows\System32\sechost.dll
0x00007ff9a6ae0000 - 0x00007ff9a6b04000 	C:\Windows\SYSTEM32\WINMM.dll
0x00007ff9a1f70000 - 0x00007ff9a1f7a000 	C:\Windows\SYSTEM32\VERSION.dll
0x00007ff9a6ab0000 - 0x00007ff9a6add000 	C:\Windows\SYSTEM32\WINMMBASE.dll
0x00007ff9a9a80000 - 0x00007ff9a9aca000 	C:\Windows\System32\cfgmgr32.dll
0x00007ff99b4e0000 - 0x00007ff99b4e9000 	C:\Windows\SYSTEM32\WSOCK32.dll
0x00007ff9aab50000 - 0x00007ff9aabbf000 	C:\Windows\System32\ws2_32.DLL
0x00007ff9a8fd0000 - 0x00007ff9a8fe1000 	C:\Windows\System32\kernel.appcore.dll
0x00007ff999550000 - 0x00007ff99955a000 	C:\Program Files\Android\Android Studio\jbr\bin\jimage.dll
0x00007ff9a78d0000 - 0x00007ff9a7ac4000 	C:\Windows\SYSTEM32\DBGHELP.DLL
0x00007ff997fb0000 - 0x00007ff997fda000 	C:\Windows\SYSTEM32\dbgcore.DLL
0x00007ff9945a0000 - 0x00007ff9945c5000 	C:\Program Files\Android\Android Studio\jbr\bin\java.dll
0x00007ff998a40000 - 0x00007ff998a58000 	C:\Program Files\Android\Android Studio\jbr\bin\zip.dll
0x00007ff9ab2f0000 - 0x00007ff9ab9d5000 	C:\Windows\System32\SHELL32.dll
0x00007ff9aaaa0000 - 0x00007ff9aab49000 	C:\Windows\System32\shcore.dll
0x00007ff9a90b0000 - 0x00007ff9a982f000 	C:\Windows\System32\windows.storage.dll
0x00007ff9a9060000 - 0x00007ff9a907f000 	C:\Windows\System32\profapi.dll
0x00007ff9a9010000 - 0x00007ff9a905a000 	C:\Windows\System32\powrprof.dll
0x00007ff9a8fc0000 - 0x00007ff9a8fd0000 	C:\Windows\System32\UMPDC.dll
0x00007ff9ab140000 - 0x00007ff9ab192000 	C:\Windows\System32\shlwapi.dll
0x00007ff9a9c70000 - 0x00007ff9a9c87000 	C:\Windows\System32\cryptsp.dll
0x00007ff998730000 - 0x00007ff998749000 	C:\Program Files\Android\Android Studio\jbr\bin\net.dll
0x00007ff99d370000 - 0x00007ff99d460000 	C:\Windows\SYSTEM32\WINHTTP.dll
0x00007ff9a87d0000 - 0x00007ff9a8837000 	C:\Windows\system32\mswsock.dll
0x00007ff994360000 - 0x00007ff994376000 	C:\Program Files\Android\Android Studio\jbr\bin\nio.dll
0x00007ff998170000 - 0x00007ff998180000 	C:\Program Files\Android\Android Studio\jbr\bin\verify.dll
0x00007ff9a3340000 - 0x00007ff9a3367000 	C:\Users\USER\.gradle\native\e1d6ef7f7dcc3fd88c89a11ec53ec762bb8ba0a96d01ffa2cd45eb1d1d8dd5c5\windows-amd64\native-platform.dll

dbghelp: loaded successfully - version: 4.0.5 - missing functions: none
symbol engine: initialized successfully - sym options: 0x614 - pdb path: .;C:\Program Files\Android\Android Studio\jbr\bin;C:\Windows\SYSTEM32;C:\Windows\WinSxS\amd64_microsoft.windows.common-controls_6595b64144ccf1df_6.0.18362.418_none_e6c6b287130d565d;C:\Program Files\Android\Android Studio\jbr\bin\server;C:\Users\USER\.gradle\native\e1d6ef7f7dcc3fd88c89a11ec53ec762bb8ba0a96d01ffa2cd45eb1d1d8dd5c5\windows-amd64

VM Arguments:
jvm_args: -Dorg.gradle.appname=gradlew 
java_command: org.gradle.wrapper.GradleWrapperMain -q -Ptarget-platform=android-x64 -Ptarget=C:\Users\USER\Documents\Projects\Emotion Project\tmp-23-338-sathinka-new\mobile\main_app\lib\main.dart -Pmultidex-enabled=true -Pbase-application-name=android.app.Application -Pdart-defines=Zmx1dHRlci5pbnNwZWN0b3Iuc3RydWN0dXJlZEVycm9ycz10cnVl,RkxVVFRFUl9XRUJfQVVUT19ERVRFQ1Q9dHJ1ZQ==,RkxVVFRFUl9XRUJfQ0FOVkFTS0lUX1VSTD1odHRwczovL3d3dy5nc3RhdGljLmNvbS9mbHV0dGVyLWNhbnZhc2tpdC9hNzk0Y2YyNjgxYzZjOWZlN2IyNjBlMGU4NGRlOTYyOThkYzljMThiLw== -Pdart-obfuscation=false -Ptrack-widget-creation=true -Ptree-shake-icons=false -Pfilesystem-scheme=org-dartlang-root assembleDebug
java_class_path (initial): C:\Users\USER\Documents\Projects\Emotion Project\tmp-23-338-sathinka-new\mobile\main_app\android\\gradle\wrapper\gradle-wrapper.jar
Launcher Type: SUN_STANDARD

[Global flags]
     intx CICompilerCount                          = 3                                         {product} {ergonomic}
     uint ConcGCThreads                            = 1                                         {product} {ergonomic}
     uint G1ConcRefinementThreads                  = 4                                         {product} {ergonomic}
   size_t G1HeapRegionSize                         = 1048576                                   {product} {ergonomic}
    uintx GCDrainStackTargetSize                   = 64                                        {product} {ergonomic}
   size_t InitialHeapSize                          = 132120576                                 {product} {ergonomic}
   size_t MarkStackSize                            = 4194304                                   {product} {ergonomic}
   size_t MaxHeapSize                              = 2113929216                                {product} {ergonomic}
   size_t MaxNewSize                               = 1267728384                                {product} {ergonomic}
   size_t MinHeapDeltaBytes                        = 1048576                                   {product} {ergonomic}
   size_t MinHeapSize                              = 8388608                                   {product} {ergonomic}
    uintx NonNMethodCodeHeapSize                   = 5832780                                {pd product} {ergonomic}
    uintx NonProfiledCodeHeapSize                  = 122912730                              {pd product} {ergonomic}
    uintx ProfiledCodeHeapSize                     = 122912730                              {pd product} {ergonomic}
    uintx ReservedCodeCacheSize                    = 251658240                              {pd product} {ergonomic}
     bool SegmentedCodeCache                       = true                                      {product} {ergonomic}
   size_t SoftMaxHeapSize                          = 2113929216                             {manageable} {ergonomic}
     bool UseCompressedClassPointers               = true                           {product lp64_product} {ergonomic}
     bool UseCompressedOops                        = true                           {product lp64_product} {ergonomic}
     bool UseG1GC                                  = true                                      {product} {ergonomic}
     bool UseLargePagesIndividualAllocation        = false                                  {pd product} {ergonomic}

Logging:
Log output configuration:
 #0: stdout all=warning uptime,level,tags
 #1: stderr all=off uptime,level,tags

Environment Variables:
JAVA_HOME=C:\Program Files\Android\Android Studio\jbr
CLASSPATH=C:\Users\USER\Documents\Projects\Emotion Project\tmp-23-338-sathinka-new\mobile\main_app\android\\gradle\wrapper\gradle-wrapper.jar
PATH=C:\Program Files\Android\Android Studio\jbr\bin;C:\Program Files (x86)\Common Files\Oracle\Java\javapath;C:\Python311\Scripts\;C:\Python311\;C:\Windows\system32;C:\Windows;C:\Windows\System32\Wbem;C:\Windows\System32\WindowsPowerShell\v1.0\;C:\Windows\System32\OpenSSH\;C:\Program Files\nodejs\;C:\ProgramData\chocolatey\bin;C:\Program Files\Git\cmd;C:\Users\USER\Documents\flutter\bin;C:\Users\USER\AppData\Local\Microsoft\WindowsApps;C:\Users\USER\AppData\Roaming\npm;C:\Users\USER\AppData\Local\Programs\Microsoft VS Code\bin;C:\Users\USER\Documents\flutter\bin\mingit\cmd
USERNAME=USER
OS=Windows_NT
PROCESSOR_IDENTIFIER=Intel64 Family 6 Model 158 Stepping 9, GenuineIntel
TMP=C:\Users\USER\AppData\Local\Temp
TEMP=C:\Users\USER\AppData\Local\Temp


JNI global refs:
JNI global refs: 7, weak refs: 0

JNI global refs memory usage: 843, weak refs: 841


---------------  S Y S T E M  ---------------

OS:
 Windows 10 , 64 bit Build 18362 (10.0.18362.329)
OS uptime: 0 days 19:31 hours

CPU: total 4 (initial active 4) (4 cores per cpu, 1 threads per core) family 6 model 158 stepping 9 microcode 0x8e, cx8, cmov, fxsr, mmx, 3dnowpref, sse, sse2, sse3, ssse3, sse4.1, sse4.2, popcnt, lzcnt, tsc, tscinvbit, avx, avx2, aes, erms, clmul, bmi1, bmi2, adx, fma, vzeroupper, clflush, clflushopt

Memory: 4k page, system-wide physical 8058M (275M free)
TotalPageFile size 32634M (AvailPageFile size 0M)
current process WorkingSet (physical memory assigned to process): 71M, peak: 71M
current process commit charge ("private bytes"): 213M, peak: 214M

vm_info: OpenJDK 64-Bit Server VM (17.0.6+0-b2043.56-10027231) for windows-amd64 JRE (17.0.6+0-b2043.56-10027231), built on Apr 28 2023 00:43:19 by "androidbuild" with MS VC++ 16.10 / 16.11 (VS2019)

END.
